build/app/outputs/mapping/release/seeds.txt
com.thousand.europharm.europharm_flutter.MainActivity
com.thousand.europharm.europharm_flutter.MainActivity: MainActivity()
...
com.yandex.metrica.impl.ob.Hn: org.json.JSONObject a(com.yandex.metrica.impl.ob.nr$a)
com.yandex.metrica.impl.ob.Ey: Ey(com.yandex.metrica.impl.ob.Fy)
com.yandex.metrica.impl.ob.Cg: boolean t()
com.yandex.metrica.impl.ob.uk: int a(android.database.sqlite.SQLiteDatabase)
com.yandex.metrica.impl.ob.mj: java.lang.Integer e
com.yandex.metrica.impl.ob.bC: java.lang.Object b(java.lang.Object,java.lang.Object)
com.yandex.metrica.impl.ob.yb: com.yandex.metrica.impl.ob.yb S
com.yandex.metrica.impl.ob.Ef
com.yandex.metrica.impl.ob.Vk
com.yandex.metrica.impl.ob.Rs$p
com.yandex.metrica.impl.ob.te
com.yandex.metrica.impl.ob.wt: void a(java.lang.String,org.json.JSONObject)
com.yandex.metrica.Revenue$Receipt$Builder
com.yandex.metrica.CounterConfiguration: android.os.Parcelable$Creator CREATOR
com.yandex.metrica.impl.ob.rx
com.yandex.metrica.impl.ob.hu: hu(com.yandex.metrica.impl.ob.pu,java.lang.String)
com.yandex.metrica.impl.ob.hr: com.yandex.metrica.impl.ob.jr o
com.yandex.metrica.impl.ob.Ka
com.yandex.metrica.impl.ob.jA: com.yandex.metrica.impl.ob.rz b
com.yandex.metrica.impl.ob.VA: void run()
com.yandex.metrica.impl.ob.If: com.yandex.metrica.impl.ob.If$a b()
com.yandex.metrica.impl.ob.Cd: int[] a
com.yandex.metrica.impl.ob.ag: com.yandex.metrica.impl.ob.ZB h
com.yandex.metrica.impl.ob.Iy: com.yandex.metrica.impl.ob.ny c
com.yandex.metrica.impl.ob.Yz
com.yandex.metrica.impl.ob.xe: com.yandex.metrica.impl.ob.ye b
com.yandex.metrica.impl.ob.ws: void a(com.yandex.metrica.impl.ob.b)
com.yandex.metrica.impl.ob.zx: boolean b(java.lang.String)
com.yandex.metrica.impl.ob.Mj$a: void a(java.lang.Object)
com.yandex.metrica.impl.ob.Nt: com.yandex.metrica.impl.ob.pu b
com.yandex.metrica.impl.ob.cu: void run()
com.yandex.metrica.impl.ob.xA
com.yandex.metrica.impl.ob.ay: void a(java.lang.Long)
com.dexterous.flutterlocalnotifications.models.NotificationDetails: java.lang.String HTML_FORMAT_LINES
com.yandex.metrica.impl.ob.vx: java.util.List c
com.yandex.metrica.impl.ob.ts: int e
org.threeten.bp.temporal.IsoFields$Unit: org.threeten.bp.temporal.IsoFields$Unit valueOf(java.lang.String)
com.yandex.metrica.impl.ob.dA: com.yandex.metrica.impl.ob.nz$b f
com.yandex.metrica.impl.ob.fm: com.yandex.metrica.impl.ob.Rs$h$a$a a(com.yandex.metrica.impl.ob.ep)
com.yandex.metrica.impl.ob.Iy: com.yandex.metrica.impl.ob.Ty a
com.yandex.metrica.billing.b: com.yandex.metrica.billing.b valueOf(java.lang.String)
com.google.firestore.v1.Target: java.lang.Object targetType_
com.google.firestore.v1.StructuredQuery$FieldFilter: com.google.firestore.v1.StructuredQuery$FieldReference field_
com.yandex.metrica.impl.ob.a: int m()
com.yandex.metrica.impl.ob.Dl: java.util.List a(java.lang.String,java.util.List)
com.yandex.metrica.impl.ob.Os$a$a: com.yandex.metrica.impl.ob.Os$a$a a(com.yandex.metrica.impl.ob.a)
com.yandex.metrica.impl.ob.Jb: void a(android.content.Intent)
com.yandex.metrica.impl.ob.Ws$a$a: java.lang.String a
com.yandex.metrica.impl.ob.zx: boolean e(java.lang.String)
com.yandex.metrica.impl.ob.yd: java.util.Map a
com.yandex.metrica.impl.ob.xD: com.yandex.metrica.impl.ob.pD a(java.lang.Object)
com.yandex.metrica.impl.ob.Dn: long a(com.yandex.metrica.impl.ob.zl)
com.yandex.metrica.impl.ob.er: com.yandex.metrica.impl.ob.jr r
com.yandex.metrica.impl.ob.Ls$a: com.yandex.metrica.impl.ob.Ls$a d()
com.yandex.metrica.impl.ob.Cu: android.database.Cursor a(com.yandex.metrica.impl.ob.Cu,android.database.Cursor)
com.yandex.metrica.impl.ob.Bs: int a()
com.yandex.metrica.impl.ob.Jk: android.database.sqlite.SQLiteDatabase a()
com.dexterous.flutterlocalnotifications.models.NotificationDetails: void readSoundInformation(com.dexterous.flutterlocalnotifications.models.NotificationDetails,java.util.Map)
com.yandex.metrica.impl.ob.Ku: void a(com.yandex.metrica.impl.ob.Su)
com.yandex.metrica.impl.ob.hk: boolean f()
com.google.crypto.tink.proto.KeyData
com.yandex.metrica.impl.ob.aa$a$a: com.yandex.metrica.impl.ob.aa$a$a c
com.yandex.metrica.impl.ob.Rs$h$a$a: boolean c