build/app/outputs/mapping/release/mapping.txt
# compiler: R8
# compiler_version: 2.1.62
# min_api: 21
# pg_map_id: ba078d2
# common_typos_disable
...
com.google.common.util.concurrent.GwtFuturesCatchingSpecialization -> e.d.c.f.a.e:
com.google.common.util.concurrent.ListenableFuture -> e.d.c.f.a.f:
    void addListener(java.lang.Runnable,java.util.concurrent.Executor) -> a
com.google.common.util.concurrent.MoreExecutors -> e.d.c.f.a.g:
    java.util.concurrent.Executor directExecutor() -> a
com.google.common.util.concurrent.OverflowAvoidingLockSupport -> e.d.c.f.a.h:
    void parkNanos(java.lang.Object,long) -> a
com.google.common.util.concurrent.SettableFuture -> e.d.c.f.a.i:
    boolean set(java.lang.Object) -> C
    boolean setException(java.lang.Throwable) -> D
    com.google.common.util.concurrent.SettableFuture create() -> E
com.google.common.util.concurrent.ThreadFactoryBuilder -> e.d.c.f.a.j:
    java.lang.Integer priority -> c
    java.lang.Thread$UncaughtExceptionHandler uncaughtExceptionHandler -> d
    java.util.concurrent.ThreadFactory backingThreadFactory -> e
    java.lang.String nameFormat -> a
    java.lang.Boolean daemon -> b
    java.lang.String access$000(java.lang.String,java.lang.Object[]) -> a
    java.util.concurrent.ThreadFactory build() -> b
    java.util.concurrent.ThreadFactory doBuild(com.google.common.util.concurrent.ThreadFactoryBuilder) -> c
    java.lang.String format(java.lang.String,java.lang.Object[]) -> d
    com.google.common.util.concurrent.ThreadFactoryBuilder setDaemon(boolean) -> e
    com.google.common.util.concurrent.ThreadFactoryBuilder setNameFormat(java.lang.String) -> f
    com.google.common.util.concurrent.ThreadFactoryBuilder setPriority(int) -> g
com.google.common.util.concurrent.ThreadFactoryBuilder$1 -> e.d.c.f.a.j$a:
    java.util.concurrent.atomic.AtomicLong val$count -> c
    java.lang.Integer val$priority -> e
    java.lang.Thread$UncaughtExceptionHandler val$uncaughtExceptionHandler -> f
    java.util.concurrent.ThreadFactory val$backingThreadFactory -> a
    java.lang.String val$nameFormat -> b
    java.lang.Boolean val$daemon -> d
com.google.common.util.concurrent.Uninterruptibles -> e.d.c.f.a.k:
    java.lang.Object getUninterruptibly(java.util.concurrent.Future) -> a
com.google.common.util.concurrent.internal.InternalFutureFailureAccess -> e.d.c.f.a.l.a:
    java.lang.Throwable tryInternalFastPathGetFailure() -> b
com.google.common.util.concurrent.internal.InternalFutures -> e.d.c.f.a.l.b:
    java.lang.Throwable tryInternalFastPathGetFailure(com.google.common.util.concurrent.internal.InternalFutureFailureAccess) -> a
com.google.crypto.tink.Aead -> e.d.d.a.a:
    byte[] encrypt(byte[],byte[]) -> a
    byte[] decrypt(byte[],byte[]) -> b
com.google.crypto.tink.CleartextKeysetHandle -> e.d.d.a.b:
    com.google.crypto.tink.KeysetHandle read(com.google.crypto.tink.KeysetReader) -> a
    void write(com.google.crypto.tink.KeysetHandle,com.google.crypto.tink.KeysetWriter) -> b
com.google.crypto.tink.CryptoFormat -> e.d.d.a.c:
    byte[] RAW_PREFIX -> a
    byte[] getOutputPrefix(com.google.crypto.tink.proto.Keyset$Key) -> a
com.google.crypto.tink.CryptoFormat$1 -> e.d.d.a.c$a:
    int[] $SwitchMap$com$google$crypto$tink$proto$OutputPrefixType -> a
com.google.crypto.tink.DeterministicAead -> e.d.d.a.d:
    byte[] encryptDeterministically(byte[],byte[]) -> a
    byte[] decryptDeterministically(byte[],byte[]) -> b
com.google.crypto.tink.KeyManager -> e.d.d.a.e:
    boolean doesSupport(java.lang.String) -> a
    java.lang.Object getPrimitive(com.google.crypto.tink.shaded.protobuf.ByteString) -> b
    com.google.crypto.tink.shaded.protobuf.MessageLite newKey(com.google.crypto.tink.shaded.protobuf.ByteString) -> c
    com.google.crypto.tink.proto.KeyData newKeyData(com.google.crypto.tink.shaded.protobuf.ByteString) -> d