build/app/outputs/mapping/release/usage.txt
com.thousand.europharm.europharm_flutter.R$mipmap
com.thousand.europharm.europharm_flutter.R$bool
com.thousand.europharm.europharm_flutter.R$id
com.thousand.europharm.europharm_flutter.BuildConfig
com.thousand.europharm.europharm_flutter.R$attr
com.thousand.europharm.europharm_flutter.R$drawable
com.thousand.europharm.europharm_flutter.R$xml
com.thousand.europharm.europharm_flutter.R
com.thousand.europharm.europharm_flutter.R$dimen
com.thousand.europharm.europharm_flutter.R$string
com.thousand.europharm.europharm_flutter.R$layout
com.thousand.europharm.europharm_flutter.R$styleable
com.thousand.europharm.europharm_flutter.R$font
com.thousand.europharm.europharm_flutter.R$style
com.thousand.europharm.europharm_flutter.R$integer
com.thousand.europharm.europharm_flutter.R$color
com.thousand.europharm.europharm_flutter.R$array
com.thousand.europharm.europharm_flutter.R$plurals
...
com.google.crypto.tink.proto.EcdsaParams$Builder
io.flutter.plugins.firebase.messaging.JobIntentService:
    public void setInterruptIfStopped(boolean)
    public boolean isStopped()
    static final java.lang.String TAG
    static final boolean DEBUG
io.grpc.internal.ServerImpl
com.google.common.cache.LocalCache$ValueReference
kotlinx.coroutines.selects.SelectBuilderImpl$PairSelectOp
androidx.viewpager.widget.ViewPager$3
com.google.common.base.CharMatcher$IsEither
org.threeten.bp.temporal.IsoFields:
    private void <init>()
com.google.common.collect.ForwardingNavigableSet
com.google.common.collect.TreeRangeSet$Complement
androidx.annotation.FontRes
com.google.common.collect.MapMakerInternalMap$WeakKeyStrongValueSegment
com.google.common.collect.ImmutableSortedMap$SerializedForm
kotlinx.coroutines.flow.FlowKt__TransformKt$filterNotNull$$inlined$unsafeTransform$1$2$1
androidx.core.app.AppLaunchChecker
androidx.media.AudioAttributesCompat$AttributeContentType
com.google.common.collect.ImmutableList$Builder:
    public varargs com.google.common.collect.ImmutableList$Builder add(java.lang.Object[])
    public com.google.common.collect.ImmutableList$Builder addAll(java.lang.Iterable)
    public com.google.common.collect.ImmutableList$Builder addAll(java.util.Iterator)
    com.google.common.collect.ImmutableList$Builder combine(com.google.common.collect.ImmutableList$Builder)
    public synthetic bridge com.google.common.collect.ImmutableCollection$Builder addAll(java.lang.Iterable)
    public synthetic bridge com.google.common.collect.ImmutableCollection$Builder add(java.lang.Object[])
    public synthetic bridge com.google.common.collect.ImmutableCollection$ArrayBasedBuilder add(java.lang.Object)
    public synthetic bridge com.google.common.collect.ImmutableCollection build()
    public synthetic bridge com.google.common.collect.ImmutableCollection$Builder addAll(java.util.Iterator)
    public synthetic bridge com.google.common.collect.ImmutableCollection$Builder add(java.lang.Object)
kotlinx.coroutines.flow.FlowKt__DelayKt$debounceInternal$1$3$2
com.google.common.util.concurrent.ClosingFuture$ValueAndCloserConsumer
com.google.common.util.concurrent.AbstractService$6
kotlinx.coroutines.flow.FlowKt__DelayKt$sample$2
androidx.work.impl.model.WorkSpecDao_Impl:
    public void pruneFinishedWorkWithZeroDependentsIgnoringKeepForAtLeast()
    public androidx.work.impl.model.WorkSpec[] getWorkSpecs(java.util.List)
    public java.util.List getAllWorkSpecIds()
    public androidx.lifecycle.LiveData getAllWorkSpecIdsLiveData()
    public androidx.work.impl.model.WorkSpec$WorkInfoPojo getWorkStatusPojoForId(java.lang.String)
    public java.util.List getWorkStatusPojoForIds(java.util.List)
    public java.util.List getWorkStatusPojoForTag(java.lang.String)
    public androidx.lifecycle.LiveData getWorkStatusPojoLiveDataForTag(java.lang.String)
    public java.util.List getWorkStatusPojoForName(java.lang.String)
    public androidx.lifecycle.LiveData getWorkStatusPojoLiveDataForName(java.lang.String)
    public java.util.List getAllUnfinishedWork()
    public androidx.lifecycle.LiveData getScheduleRequestedAtLiveData(java.lang.String)
com.google.android.gms.common.api.internal.zaae
androidx.loader.content.ModernAsyncTask$3
androidx.recyclerview.widget.RecyclerView$SmoothScroller$ScrollVectorProvider
kotlin.jvm.functions.Function7:
    public abstract java.lang.Object invoke(java.lang.Object,java.lang.Object,java.lang.Object,java.lang.Object,java.lang.Object,java.lang.Object,java.lang.Object)
kotlinx.coroutines.internal.ThreadLocalKt
com.google.android.exoplayer2.scheduler.Requirements
com.google.firebase.dynamiclinks.internal.DynamicLinksClient:
    public static final java.lang.String ACTION_START_SERVICE
    public static final java.lang.String SERVICE_DESCRIPTOR
    private static final int DYNAMIC_LINKS_API_VALUE
    private static final int V17
com.google.android.exoplayer2.scheduler.Requirements$RequirementFlags